GROUP,PACKAGE,CLASS,INSTRUCTION_MISSED,INSTRUCTION_COVERED,BRANCH_MISSED,BRANCH_COVERED,LINE_MISSED,LINE_COVERED,COMPLEXITY_MISSED,COMPLEXITY_COVERED,METHOD_MISSED,METHOD_COVERED
Lab,com.accenture.academy.utils,Module,0,90,0,0,0,12,0,6,0,6
Lab,com.accenture.academy.exception,ModuleNotFoundException,0,3,0,0,0,1,0,1,0,1
Lab,com.accenture.academy.exception,BusinessException,0,4,0,0,0,2,0,1,0,1
Lab,com.accenture.academy.service,UniversityService,3,96,1,7,1,24,2,5,1,2
Lab,com.accenture.academy,Main,4,0,0,0,2,0,2,0,2,0
Lab,com.accenture.academy.model,Student,42,63,2,0,14,25,12,12,11,12
Lab,com.accenture.academy.model,University,0,19,0,0,0,6,0,3,0,3
