<?xml version="1.0" encoding="UTF-8" ?>
<testsuite tests="18" failures="0" name="com.accenture.academy.test.model.StudentTest" time="0.122" errors="0" skipped="0">
  <properties>
[...]
</properties>
  <testcase classname="com.accenture.academy.test.model.StudentTest" name="testAssertIsMinor" time="0.091"/>
  <testcase classname="com.accenture.academy.test.model.StudentTest" name="testAssertIsStudent" time="0"/>
  <testcase classname="com.accenture.academy.test.model.StudentTest" name="testAssertFreeVoucherEquals" time="0"/>
  <testcase classname="com.accenture.academy.test.model.StudentTest" name="testAssertIsNotStudent" time="0.001"/>
  <testcase classname="com.accenture.academy.test.model.StudentTest" name="testAssertLastNameEquals" time="0"/>
  <testcase classname="com.accenture.academy.test.model.StudentTest" name="testAssertVoucherEquals" time="0"/>
  <testcase classname="com.accenture.academy.test.model.StudentTest" name="testAssertIsNotFunny" time="0"/>
  <testcase classname="com.accenture.academy.test.model.StudentTest" name="testAssertIsNotMinor" time="0"/>
  <testcase classname="com.accenture.academy.test.model.StudentTest" name="testAssertEnrolledModulesEquals" time="0.009"/>
  <testcase classname="com.accenture.academy.test.model.StudentTest" name="testAssertEnrolledModulesEqual" time="0.002"/>
  <testcase classname="com.accenture.academy.test.model.StudentTest" name="testAssertModuleEquals" time="0.016"/>
  <testcase classname="com.accenture.academy.test.model.StudentTest" name="testAssertModuleAddedToStudent" time="0"/>
  <testcase classname="com.accenture.academy.test.model.StudentTest" name="testAssertDoBEquals" time="0.001"/>
  <testcase classname="com.accenture.academy.test.model.StudentTest" name="testAssertIdEquals" time="0"/>
  <testcase classname="com.accenture.academy.test.model.StudentTest" name="testAssertAgeEquals" time="0"/>
  <testcase classname="com.accenture.academy.test.model.StudentTest" name="testAssertAttitudeEquals" time="0.001"/>
  <testcase classname="com.accenture.academy.test.model.StudentTest" name="testAssertFirstNameEquals" time="0.001"/>
  <testcase classname="com.accenture.academy.test.model.StudentTest" name="testAssertIsFunny" time="0"/>
</testsuite>